<?xml version="1.0" encoding="UTF-8"?>
<!-- Generated by org.testng.reporters.JUnitXMLReporter -->
<testsuite hostname="localhost.localdomain" name="Postgis JDBC Tests" tests="14" failures="0" timestamp="3 Nov 2015 18:06:18 GMT" time="0.189" errors="0">
  <testcase name="testAutoRegistration" time="0.017" classname="org.postgis.AutoRegistrationTest"/>
  <testcase name="testBoxes" time="0.001" classname="org.postgis.BoxesTest"/>
  <testcase name="testLineString" time="0.0" classname="org.postgis.DatatypesTest"/>
  <testcase name="testLinearRing" time="0.0" classname="org.postgis.DatatypesTest"/>
  <testcase name="testMultiLineString" time="0.006" classname="org.postgis.DatatypesTest"/>
  <testcase name="testMultiPolygon" time="0.001" classname="org.postgis.DatatypesTest"/>
  <testcase name="testPGgeometry" time="0.001" classname="org.postgis.DatatypesTest"/>
  <testcase name="testPoint" time="0.0" classname="org.postgis.DatatypesTest"/>
  <testcase name="testPolygon" time="0.0" classname="org.postgis.DatatypesTest"/>
  <testcase name="testSqlStatements" time="0.001" classname="org.postgis.EmptyGeometriesTest"/>
  <testcase name="testParser" time="0.124" classname="org.postgis.ParserTest"/>
  <testcase name="testServer" time="0.001" classname="org.postgis.ServerTest"/>
  <testcase name="testTokenizer" time="0.0" classname="org.postgis.TokenizerTest"/>
  <testcase name="test" time="0.003" classname="org.postgis.VersionPrinter"/>
</testsuite> <!-- Postgis JDBC Tests -->
